<?xml version="1.0" encoding="UTF-8"?>
<!-- Generated by org.testng.reporters.JUnitReportReporter -->
<testsuite hostname="DESKTOP-VREMQ8B" failures="0" tests="5" name="ExecutingPack.ExecutingClass" time="57.953" errors="0" timestamp="2024-09-11T18:06:34 IST" skipped="0">
  <testcase classname="ExecutingPack.ExecutingClass" name="valid" time="14.942"/>
  <system-out/>
  <testcase classname="ExecutingPack.ExecutingClass" name="Invalid1" time="7.548"/>
  <system-out/>
  <testcase classname="ExecutingPack.ExecutingClass" name="Invalid2" time="8.063"/>
  <system-out/>
  <testcase classname="ExecutingPack.ExecutingClass" name="Invalid3" time="14.754"/>
  <system-out/>
  <testcase classname="ExecutingPack.ExecutingClass" name="Invalid4" time="12.646"/>
  <system-out/>
</testsuite> <!-- ExecutingPack.ExecutingClass -->
