<?xml version="1.0" encoding="UTF-8"?>
<!-- Generated by org.testng.reporters.JUnitReportReporter -->
<testsuite hostname="DESKTOP-VREMQ8B" failures="0" tests="1" name="ExecutingPack.ReusedClass" time="19.174" errors="0" timestamp="2024-09-09T17:19:58 IST" skipped="0">
  <testcase classname="ExecutingPack.ReusedClass" name="f" time="19.174"/>
  <system-out/>
</testsuite> <!-- ExecutingPack.ReusedClass -->
