<?xml version="1.0" encoding="UTF-8"?>
<!-- Generated by org.testng.reporters.JUnitReportReporter -->
<testsuite hostname="DESKTOP-VREMQ8B" failures="0" tests="1" name="ExecutingPack.ScriptingClass" time="16.168" errors="0" timestamp="2024-09-09T16:08:14 IST" skipped="0">
  <testcase classname="ExecutingPack.ScriptingClass" name="f" time="16.168"/>
  <system-out/>
</testsuite> <!-- ExecutingPack.ScriptingClass -->
