<?xml version="1.0" encoding="UTF-8"?>
<!-- Generated by org.testng.reporters.JUnitReportReporter -->
<testsuite hostname="DESKTOP-VREMQ8B" failures="0" tests="5" name="ExecutingPack.ExecutingClass" time="32.352" errors="0" timestamp="2024-09-11T11:47:03 IST" skipped="0">
  <testcase classname="ExecutingPack.ExecutingClass" name="valid" time="15.731"/>
  <system-out/>
  <testcase classname="ExecutingPack.ExecutingClass" name="Invalid1" time="5.797"/>
  <system-out/>
  <testcase classname="ExecutingPack.ExecutingClass" name="Invalid2" time="4.943"/>
  <system-out/>
  <testcase classname="ExecutingPack.ExecutingClass" name="Invalid3" time="3.308"/>
  <system-out/>
  <testcase classname="ExecutingPack.ExecutingClass" name="Invalid4" time="2.573"/>
  <system-out/>
</testsuite> <!-- ExecutingPack.ExecutingClass -->
