<?xml version="1.0" encoding="UTF-8"?>
<!-- Generated by org.testng.reporters.JUnitReportReporter -->
<testsuite hostname="DESKTOP-VREMQ8B" failures="0" tests="4" name="ExecutingPack.ExecutingClass" time="27.692" errors="0" timestamp="2024-09-09T18:07:40 IST" skipped="0">
  <testcase classname="ExecutingPack.ExecutingClass" name="valid" time="11.061"/>
  <system-out/>
  <testcase classname="ExecutingPack.ExecutingClass" name="Invalid1" time="5.193"/>
  <system-out/>
  <testcase classname="ExecutingPack.ExecutingClass" name="Invalid2" time="5.344"/>
  <system-out/>
  <testcase classname="ExecutingPack.ExecutingClass" name="Invalid3" time="6.094"/>
  <system-out/>
</testsuite> <!-- ExecutingPack.ExecutingClass -->
