<?xml version="1.0" encoding="UTF-8"?>
<!-- Generated by org.testng.reporters.JUnitReportReporter -->
<testsuite hostname="DESKTOP-VREMQ8B" failures="0" tests="5" name="ExecutingPack.ExecutingClass" time="27.894" errors="0" timestamp="2024-09-10T09:55:41 IST" skipped="0">
  <testcase classname="ExecutingPack.ExecutingClass" name="valid" time="11.829"/>
  <system-out/>
  <testcase classname="ExecutingPack.ExecutingClass" name="Invalid1" time="5.215"/>
  <system-out/>
  <testcase classname="ExecutingPack.ExecutingClass" name="Invalid2" time="4.765"/>
  <system-out/>
  <testcase classname="ExecutingPack.ExecutingClass" name="Invalid3" time="3.849"/>
  <system-out/>
  <testcase classname="ExecutingPack.ExecutingClass" name="Invalid4" time="2.236"/>
  <system-out/>
</testsuite> <!-- ExecutingPack.ExecutingClass -->
